#
# A fatal error has been detected by the Java Runtime Environment:
#
#  EXCEPTION_ACCESS_VIOLATION (0xc0000005) at pc=0x0000000065ab8f69, pid=11964, tid=12048
#
# JRE version: 7.0_21-b11
# Java VM: Java HotSpot(TM) 64-Bit Server VM (23.21-b01 mixed mode windows-amd64 compressed oops)
# Problematic frame:
# V  [jvm.dll+0x38f69]
#
# Failed to write core dump. Minidumps are not enabled by default on client versions of Windows
#
# If you would like to submit a bug report, please visit:
#   http://bugreport.sun.com/bugreport/crash.jsp
#

---------------  T H R E A D  ---------------

Current thread (0x000000000bb9f800):  JavaThread "JDWP Transport Listener: dt_socket" daemon [_thread_in_vm, id=12048, stack(0x000000000daf0000,0x000000000dbf0000)]

siginfo: ExceptionCode=0xc0000005, reading address 0x000000000000000c

Registers:
RAX=0x000000000000000c, RBX=0x000000000bb9f800, RCX=0x0000000000000003, RDX=0x0000000000000000
RSP=0x000000000dbef540, RBP=0x000000000000000c, RSI=0x0000000000000000, RDI=0x0000000000000010
R8 =0x00000007d7102cc0, R9 =0x0000000000000000, R10=0x0000000000000000, R11=0x0000000000000001
R12=0x0000000000000000, R13=0x0000000000000000, R14=0x0000000000000000, R15=0x0000000000000000
RIP=0x0000000065ab8f69, EFLAGS=0x0000000000010246

Top of Stack: (sp=0x000000000dbef540)
0x000000000dbef540:   000000000bb9f800 0000000000000000
0x000000000dbef550:   0000000000000000 000000000bb9f800
0x000000000dbef560:   0000000000000000 0000000065b77ea4
0x000000000dbef570:   00000007d7102cc0 000000000dbef690
0x000000000dbef580:   000000000bbae468 000000000dbef660
0x000000000dbef590:   000000000bb9f800 0000000000000000
0x000000000dbef5a0:   000000000bbae468 000000000dbef690
0x000000000dbef5b0:   0000000000000000 0000000000000000
0x000000000dbef5c0:   000000000bb9f9d8 0000000066967d15
0x000000000dbef5d0:   000000000dbef660 000000000dbef690
0x000000000dbef5e0:   000000000bbae468 000000000bb9f9d8
0x000000000dbef5f0:   000000000e39130a 000000006696f09c
0x000000000dbef600:   0000000065010a01 000000000dbef700
0x000000000dbef610:   000000000bb93101 000000000e389270
0x000000000dbef620:   0000188400000013 0000000065010a00
0x000000000dbef630:   000000000e402a70 0000000000000000 

Instructions: (pc=0x0000000065ab8f69)
0x0000000065ab8f49:   d2 48 8b c5 eb 18 48 8b d0 48 8b c5 48 d3 e2 48
0x0000000065ab8f59:   03 15 b1 35 62 00 eb 06 48 8b 12 48 8b c7 48 98
0x0000000065ab8f69:   8b 14 10 85 d2 74 2a 45 84 db 4c 63 c6 48 0f 45
0x0000000065ab8f79:   fd 8d 47 0b 48 63 c8 48 83 e1 f8 48 c1 e9 03 8d 


Register to memory mapping:

RAX=0x000000000000000c is an unknown value
RBX=0x000000000bb9f800 is a thread
RCX=0x0000000000000003 is an unknown value
RDX=0x0000000000000000 is an unknown value
RSP=0x000000000dbef540 is pointing into the stack for thread: 0x000000000bb9f800
RBP=0x000000000000000c is an unknown value
RSI=0x0000000000000000 is an unknown value
RDI=0x0000000000000010 is an unknown value
R8 =0x00000007d7102cc0 is an oop
java.lang.String 
 - klass: 'java/lang/String'
R9 =0x0000000000000000 is an unknown value
R10=0x0000000000000000 is an unknown value
R11=0x0000000000000001 is an unknown value
R12=0x0000000000000000 is an unknown value
R13=0x0000000000000000 is an unknown value
R14=0x0000000000000000 is an unknown value
R15=0x0000000000000000 is an unknown value


Stack: [0x000000000daf0000,0x000000000dbf0000],  sp=0x000000000dbef540,  free space=1021k
Native frames: (J=compiled Java code, j=interpreted, Vv=VM code, C=native code)
V  [jvm.dll+0x38f69]


---------------  P R O C E S S  ---------------

Java Threads: ( => current thread )
  0x000000000e390000 JavaThread "AWT-EventQueue-0" [_thread_blocked, id=12120, stack(0x000000000f9d0000,0x000000000fad0000)]
  0x000000000e299000 JavaThread "AWT-Windows" daemon [_thread_in_native, id=12116, stack(0x000000000ea20000,0x000000000eb20000)]
  0x000000000e296800 JavaThread "AWT-Shutdown" [_thread_blocked, id=12112, stack(0x000000000e8f0000,0x000000000e9f0000)]
  0x000000000bbf1800 JavaThread "Java2D Disposer" daemon [_thread_blocked, id=12108, stack(0x000000000e670000,0x000000000e770000)]
  0x000000000bbcc000 JavaThread "Service Thread" daemon [_thread_blocked, id=12088, stack(0x000000000deb0000,0x000000000dfb0000)]
  0x000000000bbbf800 JavaThread "C2 CompilerThread1" daemon [_thread_blocked, id=12084, stack(0x000000000d730000,0x000000000d830000)]
  0x000000000bbb9800 JavaThread "C2 CompilerThread0" daemon [_thread_blocked, id=12080, stack(0x000000000dd90000,0x000000000de90000)]
  0x000000000bbac800 JavaThread "JDWP Command Reader" daemon [_thread_in_native, id=12064, stack(0x000000000d9a0000,0x000000000daa0000)]
  0x000000000bbac000 JavaThread "JDWP Event Helper Thread" daemon [_thread_blocked, id=12060, stack(0x000000000dc50000,0x000000000dd50000)]
=>0x000000000bb9f800 JavaThread "JDWP Transport Listener: dt_socket" daemon [_thread_in_vm, id=12048, stack(0x000000000daf0000,0x000000000dbf0000)]
  0x000000000bb99000 JavaThread "Attach Listener" daemon [_thread_blocked, id=12032, stack(0x000000000d050000,0x000000000d150000)]
  0x000000000bb91800 JavaThread "Signal Dispatcher" daemon [_thread_blocked, id=12028, stack(0x000000000d160000,0x000000000d260000)]
  0x00000000023f8800 JavaThread "Finalizer" daemon [_thread_blocked, id=12024, stack(0x000000000cf40000,0x000000000d040000)]
  0x00000000023f1000 JavaThread "Reference Handler" daemon [_thread_blocked, id=12020, stack(0x000000000cd40000,0x000000000ce40000)]
  0x00000000022ce800 JavaThread "main" [_thread_blocked, id=11996, stack(0x0000000002990000,0x0000000002a90000)]

Other Threads:
  0x000000000bb12800 VMThread [stack: 0x000000000cc20000,0x000000000cd20000] [id=12016]
  0x000000000bbd9000 WatcherThread [stack: 0x000000000e040000,0x000000000e140000] [id=12092]

VM state:not at safepoint (normal execution)

VM Mutex/Monitor currently owned by a thread: None

Heap
 PSYoungGen      total 36800K, used 6905K [0x00000007d6e00000, 0x00000007d9710000, 0x0000000800000000)
  eden space 31552K, 21% used [0x00000007d6e00000,0x00000007d74be670,0x00000007d8cd0000)
  from space 5248K, 0% used [0x00000007d91f0000,0x00000007d91f0000,0x00000007d9710000)
  to   space 5248K, 0% used [0x00000007d8cd0000,0x00000007d8cd0000,0x00000007d91f0000)
 ParOldGen       total 84224K, used 0K [0x0000000784a00000, 0x0000000789c40000, 0x00000007d6e00000)
  object space 84224K, 0% used [0x0000000784a00000,0x0000000784a00000,0x0000000789c40000)
 PSPermGen       total 21248K, used 9420K [0x000000077f800000, 0x0000000780cc0000, 0x0000000784a00000)
  object space 21248K, 44% used [0x000000077f800000,0x0000000780133320,0x0000000780cc0000)

Card table byte_map: [0x0000000005a90000,0x0000000005ea0000] byte_map_base: 0x0000000001e94000

Polling page: 0x0000000002260000

Code Cache  [0x0000000002a90000, 0x0000000002d00000, 0x0000000005a90000)
 total_blobs=392 nmethods=9 adapters=343 free_code_cache=48650Kb largest_free_block=49806400

Compilation events (10 events):
Event: 0.311 Thread 0x000000000bbb9800    5             java.lang.Object::<init> (1 bytes)
Event: 0.312 Thread 0x000000000bbb9800 nmethod 5 0x0000000002b04550 code [0x0000000002b04680, 0x0000000002b04718]
Event: 0.317 Thread 0x000000000bbbf800    6             java.util.Arrays::binarySearch0 (95 bytes)
Event: 0.317 Thread 0x000000000bbb9800    7             sun.java2d.loops.GraphicsPrimitiveMgr$2::compare (39 bytes)
Event: 0.318 Thread 0x000000000bbb9800 nmethod 7 0x0000000002b07090 code [0x0000000002b071e0, 0x0000000002b07318]
Event: 0.322 Thread 0x000000000bbbf800 nmethod 6 0x0000000002b083d0 code [0x0000000002b08520, 0x0000000002b08958]
Event: 0.359 Thread 0x000000000bbb9800    8             java.nio.HeapByteBuffer::_get (7 bytes)
Event: 0.360 Thread 0x000000000bbb9800 nmethod 8 0x0000000002b099d0 code [0x0000000002b09b00, 0x0000000002b09bd8]
Event: 0.372 Thread 0x000000000bbbf800    9             java.lang.String::equals (81 bytes)
Event: 0.375 Thread 0x000000000bbbf800 nmethod 9 0x0000000002b0cad0 code [0x0000000002b0cc20, 0x0000000002b0cf38]

GC Heap History (0 events):
No events

Deoptimization events (0 events):
No events

Internal exceptions (10 events):
Event: 0.184 Thread 0x00000000022ce800 Threw 0x00000007d6e8aa38 at C:\jdk7u2_64p\jdk7u21\hotspot\src\share\vm\prims\jvm.cpp:1166
Event: 0.184 Thread 0x00000000022ce800 Threw 0x00000007d6e8ab60 at C:\jdk7u2_64p\jdk7u21\hotspot\src\share\vm\prims\jvm.cpp:1166
Event: 0.185 Thread 0x00000000022ce800 Threw 0x00000007d6e8e7a8 at C:\jdk7u2_64p\jdk7u21\hotspot\src\share\vm\prims\jvm.cpp:1166
Event: 0.185 Thread 0x00000000022ce800 Threw 0x00000007d6e8e8d0 at C:\jdk7u2_64p\jdk7u21\hotspot\src\share\vm\prims\jvm.cpp:1166
Event: 0.194 Thread 0x00000000022ce800 Threw 0x00000007d6f44cc0 at C:\jdk7u2_64p\jdk7u21\hotspot\src\share\vm\prims\jvm.cpp:1166
Event: 0.204 Thread 0x00000000022ce800 Threw 0x00000007d6f5c220 at C:\jdk7u2_64p\jdk7u21\hotspot\src\share\vm\prims\jni.cpp:716
Event: 0.229 Thread 0x00000000022ce800 Threw 0x00000007d6f7bcf8 at C:\jdk7u2_64p\jdk7u21\hotspot\src\share\vm\prims\jni.cpp:716
Event: 0.327 Thread 0x00000000022ce800 Threw 0x00000007d70b5eb0 at C:\jdk7u2_64p\jdk7u21\hotspot\src\share\vm\prims\jni.cpp:716
Event: 0.327 Thread 0x00000000022ce800 Threw 0x00000007d70b6140 at C:\jdk7u2_64p\jdk7u21\hotspot\src\share\vm\interpreter\linkResolver.cpp:805
Event: 0.374 Thread 0x00000000022ce800 Threw 0x00000007d70f9cc0 at C:\jdk7u2_64p\jdk7u21\hotspot\src\share\vm\prims\jvm.cpp:1166

Events (10 events):
Event: 303.593 Executing VM operation: EnterInterpOnlyMode
Event: 303.593 Executing VM operation: EnterInterpOnlyMode done
Event: 303.593 Executing VM operation: GetCurrentLocation
Event: 303.593 Executing VM operation: GetCurrentLocation done
Event: 303.593 Executing VM operation: ChangeSingleStep
Event: 303.593 Executing VM operation: ChangeSingleStep done
Event: 303.594 Executing VM operation: ChangeSingleStep
Event: 303.594 Executing VM operation: ChangeSingleStep done
Event: 303.614 Executing VM operation: GetOrSetLocal
Event: 303.614 Executing VM operation: GetOrSetLocal done


Dynamic libraries:
0x000000013fea0000 - 0x000000013fed3000 	D:\Program Files\Java\jdk1.7.0_21\bin\javaw.exe
0x0000000077520000 - 0x00000000776c9000 	C:\Windows\SYSTEM32\ntdll.dll
0x0000000077300000 - 0x000000007741f000 	C:\Windows\system32\kernel32.dll
0x000007fefd400000 - 0x000007fefd46c000 	C:\Windows\system32\KERNELBASE.dll
0x000007feff5a0000 - 0x000007feff67b000 	C:\Windows\system32\ADVAPI32.dll
0x000007fefd840000 - 0x000007fefd8df000 	C:\Windows\system32\msvcrt.dll
0x000007fefece0000 - 0x000007fefecff000 	C:\Windows\SYSTEM32\sechost.dll
0x000007fefd710000 - 0x000007fefd83d000 	C:\Windows\system32\RPCRT4.dll
0x0000000077420000 - 0x000000007751a000 	C:\Windows\system32\USER32.dll
0x000007fefda70000 - 0x000007fefdad7000 	C:\Windows\system32\GDI32.dll
0x000007feff1f0000 - 0x000007feff1fe000 	C:\Windows\system32\LPK.dll
0x000007feff680000 - 0x000007feff749000 	C:\Windows\system32\USP10.dll
0x000007fefb6f0000 - 0x000007fefb8e4000 	C:\Windows\WinSxS\amd64_microsoft.windows.common-controls_6595b64144ccf1df_6.0.7601.17514_none_fa396087175ac9ac\COMCTL32.dll
0x000007fefdae0000 - 0x000007fefdb51000 	C:\Windows\system32\SHLWAPI.dll
0x000007fefda40000 - 0x000007fefda6e000 	C:\Windows\system32\IMM32.DLL
0x000007fefdc00000 - 0x000007fefdd09000 	C:\Windows\system32\MSCTF.dll
0x0000000180000000 - 0x0000000180075000 	C:\Windows\system32\guard64.dll
0x00000000776f0000 - 0x00000000776f7000 	C:\Windows\system32\PSAPI.DLL
0x000007fefd0d0000 - 0x000007fefd0dc000 	C:\Windows\system32\VERSION.dll
0x000007fefd0c0000 - 0x000007fefd0c9000 	C:\Windows\system32\fltlib.dll
0x0000000066690000 - 0x0000000066761000 	D:\Program Files\Java\jdk1.7.0_21\jre\bin\msvcr100.dll
0x0000000065a80000 - 0x00000000661a1000 	D:\Program Files\Java\jdk1.7.0_21\jre\bin\server\jvm.dll
0x000007fef6ee0000 - 0x000007fef6ee9000 	C:\Windows\system32\WSOCK32.dll
0x000007feff2a0000 - 0x000007feff2ed000 	C:\Windows\system32\WS2_32.dll
0x000007fefdf40000 - 0x000007fefdf48000 	C:\Windows\system32\NSI.dll
0x000007fefbfd0000 - 0x000007fefc00b000 	C:\Windows\system32\WINMM.dll
0x00000000737b0000 - 0x00000000737bf000 	D:\Program Files\Java\jdk1.7.0_21\jre\bin\verify.dll
0x000000006e420000 - 0x000000006e448000 	D:\Program Files\Java\jdk1.7.0_21\jre\bin\java.dll
0x0000000066960000 - 0x0000000066995000 	D:\Program Files\Java\jdk1.7.0_21\jre\bin\jdwp.dll
0x000000006e360000 - 0x000000006e368000 	D:\Program Files\Java\jdk1.7.0_21\jre\bin\npt.dll
0x000000006e490000 - 0x000000006e4a5000 	D:\Program Files\Java\jdk1.7.0_21\jre\bin\zip.dll
0x000000006c570000 - 0x000000006c579000 	D:\Program Files\Java\jdk1.7.0_21\jre\bin\dt_socket.dll
0x000007fef97b0000 - 0x000007fef97c5000 	C:\Windows\system32\NLAapi.dll
0x000007fef0a00000 - 0x000007fef0a15000 	C:\Windows\system32\napinsp.dll
0x000007fef09e0000 - 0x000007fef09f9000 	C:\Windows\system32\pnrpnsp.dll
0x000007fefcac0000 - 0x000007fefcb15000 	C:\Windows\System32\mswsock.dll
0x000007fefc940000 - 0x000007fefc99b000 	C:\Windows\system32\DNSAPI.dll
0x000007fef09d0000 - 0x000007fef09db000 	C:\Windows\System32\winrnr.dll
0x000007fef09c0000 - 0x000007fef09d0000 	C:\Windows\system32\wshbth.dll
0x000007fef30b0000 - 0x000007fef30df000 	C:\Program Files\Common Files\Microsoft Shared\Windows Live\WLIDNSP.DLL
0x000000006ed00000 - 0x000000006ed26000 	C:\Program Files\Bonjour\mdnsNSP.dll
0x000007fefc3f0000 - 0x000007fefc417000 	C:\Windows\system32\Iphlpapi.DLL
0x000007fefc3e0000 - 0x000007fefc3eb000 	C:\Windows\system32\WINNSI.DLL
0x000007fef9320000 - 0x000007fef9373000 	C:\Windows\System32\fwpuclnt.dll
0x000007fef18f0000 - 0x000007fef18f8000 	C:\Windows\system32\rasadhlp.dll
0x000007fefc4e0000 - 0x000007fefc4e7000 	C:\Windows\System32\wshtcpip.dll
0x0000000063f70000 - 0x0000000064103000 	D:\Program Files\Java\jdk1.7.0_21\jre\bin\awt.dll
0x0000000006300000 - 0x00000000063d7000 	C:\Windows\system32\OLEAUT32.dll
0x000007fefee00000 - 0x000007feff003000 	C:\Windows\system32\ole32.dll
0x000007fefbbe0000 - 0x000007fefbbf8000 	C:\Windows\system32\DWMAPI.DLL
0x000007fefbc00000 - 0x000007fefbc56000 	C:\Windows\system32\uxtheme.dll
0x0000000010100000 - 0x0000000010111000 	D:\Program Files\Logitech\SetPoint\lgscroll.dll
0x0000000073f50000 - 0x0000000074019000 	C:\Windows\WinSxS\amd64_microsoft.vc80.crt_1fc8b3b9a1e18e3b_8.0.50727.6229_none_88dcc0bf2fb1b808\MSVCR80.dll
0x000007fefae20000 - 0x000007fefae4d000 	C:\Windows\system32\ntmarta.dll
0x000007fefed20000 - 0x000007fefed72000 	C:\Windows\system32\WLDAP32.dll
0x000007fefd1a0000 - 0x000007fefd1af000 	C:\Windows\system32\CRYPTBASE.dll
0x000007fefdf50000 - 0x000007fefecd8000 	C:\Windows\system32\SHELL32.dll
0x0000000066650000 - 0x000000006668e000 	D:\Program Files\Java\jdk1.7.0_21\jre\bin\fontmanager.dll
0x000000006e470000 - 0x000000006e489000 	D:\Program Files\Java\jdk1.7.0_21\jre\bin\net.dll
0x000007fefcab0000 - 0x000007fefcab7000 	C:\Windows\System32\wship6.dll
0x000000006e400000 - 0x000000006e411000 	D:\Program Files\Java\jdk1.7.0_21\jre\bin\nio.dll
0x0000000063f20000 - 0x0000000063f61000 	D:\Program Files\Java\jdk1.7.0_21\jre\bin\t2k.dll
0x000007feeeff0000 - 0x000007feef115000 	C:\Windows\system32\dbghelp.dll

VM Arguments:
jvm_args: -agentlib:jdwp=transport=dt_socket,suspend=y,address=localhost:57878 -Dfile.encoding=Cp1252 
java_command: assignment1.PercolationVisualizer
Launcher Type: SUN_STANDARD

Environment Variables:
CLASSPATH=.;C:\Program Files (x86)\Java\jre7\lib\ext\QTJava.zip
PATH=D:\Program Files\Java\jdk1.7.0_21\jre\bin;D:/Program Files/Java/jdk1.7.0_21/bin/../jre/bin/server;D:/Program Files/Java/jdk1.7.0_21/bin/../jre/bin;D:/Program Files/Java/jdk1.7.0_21/bin/../jre/lib/amd64;C:\Python33\;D:\Program Files\Java\jdk1.7.0_21\bin;C:\Windows\system32;C:\Windows;C:\Windows\System32\Wbem;C:\Windows\System32\WindowsPowerShell\v 1.0\;C:\Program Files\Windows Live\Shared;D:\Program Files (x86)\QuickTime\QTSystem\;D:\Program Files\gs\gs9.10\bin;D:\Program Files\gs\gs9.10\lib;C:\Program Files (x86)\Windows Kits\8.1\Windows Performance Toolkit\;C:\Program Files\Microsoft SQL Server\110\Tools\Binn\;D:\Program Files (x86)\MiKTeX 2.9\miktex\bin\;C:\Program Files (x86)\SumatraPDF\;C:\Program Files\Intel\WiFi\bin\;C:\Program Files\Common Files\Intel\WirelessCommon\;D:\Large Software\eclipse;
USERNAME=SD
OS=Windows_NT
PROCESSOR_IDENTIFIER=Intel64 Family 6 Model 58 Stepping 9, GenuineIntel



---------------  S Y S T E M  ---------------

OS: Windows 7 , 64 bit Build 7601 Service Pack 1

CPU:total 4 (2 cores per cpu, 2 threads per core) family 6 model 58 stepping 9, cmov, cx8, fxsr, mmx, sse, sse2, sse3, ssse3, sse4.1, sse4.2, popcnt, avx, ht, tsc, tscinvbit, tscinv

Memory: 4k page, physical 8078124k(3595796k free), swap 16154384k(10240028k free)

vm_info: Java HotSpot(TM) 64-Bit Server VM (23.21-b01) for windows-amd64 JRE (1.7.0_21-b11), built on Apr  4 2013 08:11:28 by "java_re" with unknown MS VC++:1600

time: Mon Jul 28 23:18:18 2014
elapsed time: 303 seconds

